May-03 12:15:19.251 - Logger created at logs-975/console.log
May-03 12:15:19.251 - Random Seed: 975
May-03 12:15:20.113 - Start training
May-03 12:15:29.751 - [  100/50000] loss: 1.6076 (1.6320), acc: 16.000% (21.624%)
May-03 12:15:37.530 - [  200/50000] loss: 1.4884 (1.5828), acc: 30.667% (26.653%)
May-03 12:15:45.535 - [  300/50000] loss: 1.5785 (1.5618), acc: 13.333% (28.576%)
May-03 12:15:53.225 - [  400/50000] loss: 1.5413 (1.5485), acc: 26.667% (29.759%)
May-03 12:16:01.007 - [  500/50000] loss: 1.5096 (1.5419), acc: 34.667% (30.366%)
May-03 12:16:09.077 - [  600/50000] loss: 1.3491 (1.5321), acc: 42.667% (31.337%)
May-03 12:16:16.761 - [  700/50000] loss: 1.4612 (1.5271), acc: 26.667% (31.776%)
May-03 12:16:25.317 - [  800/50000] loss: 1.3127 (1.5239), acc: 46.667% (32.065%)
May-03 12:16:33.444 - [  900/50000] loss: 1.3617 (1.5207), acc: 45.333% (32.331%)
May-03 12:16:41.340 - [ 1000/50000] loss: 1.5565 (1.5182), acc: 29.333% (32.582%)
May-03 12:16:56.007 - [ 1000] Eval (100 episode) - loss: 1.4942 +- 0.0629, acc: 35.307 +- 6.697%
May-03 12:16:56.008 - * Best accuracy so far *

May-03 12:17:03.683 - [ 1100/50000] loss: 1.3790 (1.4627), acc: 36.000% (36.933%)
May-03 12:17:11.644 - [ 1200/50000] loss: 1.4311 (1.4534), acc: 40.000% (37.593%)
May-03 12:17:19.559 - [ 1300/50000] loss: 1.5221 (1.4630), acc: 24.000% (37.098%)
May-03 12:17:27.617 - [ 1400/50000] loss: 1.3854 (1.4521), acc: 38.667% (37.747%)
May-03 12:17:35.414 - [ 1500/50000] loss: 1.4307 (1.4470), acc: 40.000% (38.088%)
May-03 12:17:43.135 - [ 1600/50000] loss: 1.4679 (1.4437), acc: 40.000% (38.233%)
May-03 12:17:51.087 - [ 1700/50000] loss: 1.0786 (1.4391), acc: 56.000% (38.537%)
May-03 12:17:59.203 - [ 1800/50000] loss: 1.4220 (1.4371), acc: 40.000% (38.658%)
May-03 12:18:07.266 - [ 1900/50000] loss: 1.3082 (1.4336), acc: 44.000% (38.883%)
May-03 12:18:15.187 - [ 2000/50000] loss: 1.4437 (1.4306), acc: 37.333% (39.069%)
May-03 12:18:30.156 - [ 2000] Eval (100 episode) - loss: 1.4190 +- 0.0981, acc: 38.853 +- 7.175%
May-03 12:18:30.157 - * Best accuracy so far *

May-03 12:18:37.813 - [ 2100/50000] loss: 1.4761 (1.3866), acc: 33.333% (41.347%)
May-03 12:18:45.736 - [ 2200/50000] loss: 1.4843 (1.3840), acc: 30.667% (41.827%)
May-03 12:18:53.377 - [ 2300/50000] loss: 1.4955 (1.3814), acc: 33.333% (42.222%)
May-03 12:19:01.167 - [ 2400/50000] loss: 1.3881 (1.3762), acc: 40.000% (42.603%)
May-03 12:19:08.702 - [ 2500/50000] loss: 1.4313 (1.3725), acc: 36.000% (42.856%)
May-03 12:19:16.595 - [ 2600/50000] loss: 1.4753 (1.3671), acc: 33.333% (43.024%)
May-03 12:19:24.528 - [ 2700/50000] loss: 1.5744 (1.3670), acc: 26.667% (42.926%)
May-03 12:19:32.346 - [ 2800/50000] loss: 1.1245 (1.3647), acc: 62.667% (43.062%)
May-03 12:19:40.265 - [ 2900/50000] loss: 1.2228 (1.3634), acc: 54.667% (43.163%)
May-03 12:19:47.982 - [ 3000/50000] loss: 1.2104 (1.3613), acc: 48.000% (43.275%)
May-03 12:20:02.490 - [ 3000] Eval (100 episode) - loss: 1.3514 +- 0.1214, acc: 43.373 +- 8.628%
May-03 12:20:02.491 - * Best accuracy so far *

May-03 12:20:09.960 - [ 3100/50000] loss: 1.3490 (1.3484), acc: 40.000% (44.440%)
May-03 12:20:17.799 - [ 3200/50000] loss: 1.4619 (1.3477), acc: 38.667% (44.647%)
May-03 12:20:25.749 - [ 3300/50000] loss: 1.4187 (1.3458), acc: 37.333% (44.436%)
May-03 12:20:33.581 - [ 3400/50000] loss: 1.4543 (1.3480), acc: 38.667% (44.073%)
May-03 12:20:42.220 - [ 3500/50000] loss: 1.5429 (1.3454), acc: 34.667% (44.189%)
May-03 12:20:50.387 - [ 3600/50000] loss: 1.6040 (1.3466), acc: 33.333% (44.038%)
May-03 12:20:58.340 - [ 3700/50000] loss: 1.4981 (1.3426), acc: 32.000% (44.345%)
May-03 12:21:06.590 - [ 3800/50000] loss: 1.5081 (1.3419), acc: 38.667% (44.403%)
May-03 12:21:14.546 - [ 3900/50000] loss: 1.3575 (1.3393), acc: 42.667% (44.517%)
May-03 12:21:22.405 - [ 4000/50000] loss: 1.3624 (1.3374), acc: 41.333% (44.613%)
May-03 12:21:36.951 - [ 4000] Eval (100 episode) - loss: 1.2953 +- 0.1186, acc: 46.920 +- 8.127%
May-03 12:21:36.952 - * Best accuracy so far *

May-03 12:21:44.334 - [ 4100/50000] loss: 1.4199 (1.3207), acc: 34.667% (44.947%)
May-03 12:21:52.152 - [ 4200/50000] loss: 1.1743 (1.3168), acc: 54.667% (45.300%)
May-03 12:22:00.146 - [ 4300/50000] loss: 1.2275 (1.3142), acc: 48.000% (45.716%)
May-03 12:22:07.723 - [ 4400/50000] loss: 1.3870 (1.3082), acc: 41.333% (46.093%)
May-03 12:22:15.565 - [ 4500/50000] loss: 1.1948 (1.3136), acc: 44.000% (45.928%)
May-03 12:22:23.292 - [ 4600/50000] loss: 1.2600 (1.3131), acc: 49.333% (45.947%)
May-03 12:22:31.232 - [ 4700/50000] loss: 1.1100 (1.3117), acc: 58.667% (46.019%)
May-03 12:22:39.395 - [ 4800/50000] loss: 1.3535 (1.3095), acc: 45.333% (46.192%)
May-03 12:22:46.848 - [ 4900/50000] loss: 1.2879 (1.3070), acc: 53.333% (46.286%)
May-03 12:22:54.416 - [ 5000/50000] loss: 1.4858 (1.3081), acc: 38.667% (46.196%)
May-03 12:23:08.483 - [ 5000] Eval (100 episode) - loss: 1.2634 +- 0.1493, acc: 48.213 +- 8.900%
May-03 12:23:08.483 - * Best accuracy so far *

May-03 12:23:16.060 - [ 5100/50000] loss: 1.3240 (1.3010), acc: 42.667% (46.187%)
May-03 12:23:23.788 - [ 5200/50000] loss: 1.5920 (1.2967), acc: 29.333% (46.293%)
May-03 12:23:31.927 - [ 5300/50000] loss: 1.4641 (1.3008), acc: 36.000% (46.369%)
May-03 12:23:39.975 - [ 5400/50000] loss: 1.3502 (1.2957), acc: 41.333% (46.653%)
May-03 12:23:47.918 - [ 5500/50000] loss: 1.3160 (1.2995), acc: 54.667% (46.451%)
May-03 12:23:55.689 - [ 5600/50000] loss: 1.4043 (1.2996), acc: 41.333% (46.400%)
May-03 12:24:03.892 - [ 5700/50000] loss: 1.2071 (1.2939), acc: 52.000% (46.720%)
May-03 12:24:12.261 - [ 5800/50000] loss: 0.9787 (1.2983), acc: 57.333% (46.535%)
May-03 12:24:20.334 - [ 5900/50000] loss: 1.1504 (1.2954), acc: 54.667% (46.692%)
May-03 12:24:28.099 - [ 6000/50000] loss: 1.2870 (1.2963), acc: 38.667% (46.724%)
May-03 12:24:43.060 - [ 6000] Eval (100 episode) - loss: 1.2538 +- 0.1352, acc: 48.533 +- 7.643%
May-03 12:24:43.061 - * Best accuracy so far *

May-03 12:24:50.428 - [ 6100/50000] loss: 1.0563 (1.2544), acc: 56.000% (48.813%)
May-03 12:24:58.118 - [ 6200/50000] loss: 1.4571 (1.2668), acc: 40.000% (48.007%)
May-03 12:25:05.845 - [ 6300/50000] loss: 1.3776 (1.2675), acc: 42.667% (47.858%)
May-03 12:25:13.495 - [ 6400/50000] loss: 1.2344 (1.2671), acc: 52.000% (47.927%)
May-03 12:25:21.482 - [ 6500/50000] loss: 1.2812 (1.2668), acc: 45.333% (47.920%)
May-03 12:25:29.312 - [ 6600/50000] loss: 1.3377 (1.2679), acc: 52.000% (47.938%)
May-03 12:25:37.487 - [ 6700/50000] loss: 1.3187 (1.2672), acc: 44.000% (47.985%)
May-03 12:25:44.958 - [ 6800/50000] loss: 1.4368 (1.2691), acc: 38.667% (47.948%)
May-03 12:25:52.535 - [ 6900/50000] loss: 1.2954 (1.2683), acc: 49.333% (48.024%)
May-03 12:26:00.600 - [ 7000/50000] loss: 1.2179 (1.2687), acc: 53.333% (48.005%)
May-03 12:26:15.419 - [ 7000] Eval (100 episode) - loss: 1.2072 +- 0.1652, acc: 51.387 +- 9.408%
May-03 12:26:15.419 - * Best accuracy so far *

May-03 12:26:22.829 - [ 7100/50000] loss: 1.3840 (1.2688), acc: 49.333% (47.467%)
May-03 12:26:31.262 - [ 7200/50000] loss: 1.2826 (1.2640), acc: 45.333% (48.013%)
May-03 12:26:38.920 - [ 7300/50000] loss: 1.2330 (1.2549), acc: 49.333% (48.560%)
May-03 12:26:46.950 - [ 7400/50000] loss: 1.3900 (1.2518), acc: 45.333% (48.973%)
May-03 12:26:54.726 - [ 7500/50000] loss: 1.0215 (1.2511), acc: 65.333% (48.949%)
May-03 12:27:02.510 - [ 7600/50000] loss: 1.0535 (1.2540), acc: 56.000% (48.756%)
May-03 12:27:10.368 - [ 7700/50000] loss: 1.0922 (1.2570), acc: 54.667% (48.539%)
May-03 12:27:18.320 - [ 7800/50000] loss: 1.4452 (1.2531), acc: 45.333% (48.737%)
May-03 12:27:26.006 - [ 7900/50000] loss: 1.4915 (1.2540), acc: 37.333% (48.676%)
May-03 12:27:34.156 - [ 8000/50000] loss: 1.0492 (1.2517), acc: 58.667% (48.805%)
May-03 12:27:48.695 - [ 8000] Eval (100 episode) - loss: 1.2083 +- 0.1774, acc: 50.960 +- 9.233%
May-03 12:27:56.148 - [ 8100/50000] loss: 1.2753 (1.2470), acc: 41.333% (49.387%)
May-03 12:28:04.202 - [ 8200/50000] loss: 0.9643 (1.2300), acc: 66.667% (50.353%)
May-03 12:28:12.251 - [ 8300/50000] loss: 1.1532 (1.2417), acc: 46.667% (49.569%)
May-03 12:28:20.522 - [ 8400/50000] loss: 1.2860 (1.2408), acc: 37.333% (49.473%)
May-03 12:28:28.206 - [ 8500/50000] loss: 1.5894 (1.2398), acc: 32.000% (49.368%)
May-03 12:28:36.007 - [ 8600/50000] loss: 1.4358 (1.2411), acc: 38.667% (49.311%)
May-03 12:28:44.008 - [ 8700/50000] loss: 1.3989 (1.2385), acc: 37.333% (49.411%)
May-03 12:28:51.978 - [ 8800/50000] loss: 1.2000 (1.2398), acc: 48.000% (49.368%)
May-03 12:28:59.716 - [ 8900/50000] loss: 1.2491 (1.2415), acc: 46.667% (49.359%)
May-03 12:29:07.727 - [ 9000/50000] loss: 1.4513 (1.2412), acc: 37.333% (49.399%)
May-03 12:29:22.342 - [ 9000] Eval (100 episode) - loss: 1.1904 +- 0.1486, acc: 51.147 +- 8.302%
May-03 12:29:29.521 - [ 9100/50000] loss: 1.3047 (1.2379), acc: 57.333% (49.507%)
May-03 12:29:37.172 - [ 9200/50000] loss: 1.2946 (1.2457), acc: 49.333% (48.773%)
May-03 12:29:45.077 - [ 9300/50000] loss: 1.4132 (1.2443), acc: 38.667% (49.053%)
May-03 12:29:53.012 - [ 9400/50000] loss: 1.4810 (1.2399), acc: 37.333% (49.290%)
May-03 12:30:01.076 - [ 9500/50000] loss: 1.3672 (1.2403), acc: 37.333% (49.373%)
May-03 12:30:08.732 - [ 9600/50000] loss: 1.1670 (1.2426), acc: 61.333% (49.258%)
May-03 12:30:16.596 - [ 9700/50000] loss: 1.1968 (1.2400), acc: 50.667% (49.398%)
May-03 12:30:24.371 - [ 9800/50000] loss: 1.3831 (1.2394), acc: 42.667% (49.488%)
May-03 12:30:31.899 - [ 9900/50000] loss: 1.4224 (1.2394), acc: 34.667% (49.473%)
May-03 12:30:39.811 - [10000/50000] loss: 1.2887 (1.2394), acc: 50.667% (49.501%)
May-03 12:30:54.628 - [10000] Eval (100 episode) - loss: 1.1704 +- 0.1753, acc: 52.533 +- 9.090%
May-03 12:30:54.629 - * Best accuracy so far *

May-03 12:31:02.087 - [10100/50000] loss: 1.0366 (1.2229), acc: 64.000% (51.053%)
May-03 12:31:10.049 - [10200/50000] loss: 0.9050 (1.2103), acc: 64.000% (51.380%)
May-03 12:31:17.772 - [10300/50000] loss: 1.3676 (1.2039), acc: 44.000% (51.422%)
May-03 12:31:25.745 - [10400/50000] loss: 1.0984 (1.2048), acc: 54.667% (51.227%)
May-03 12:31:33.786 - [10500/50000] loss: 1.0712 (1.2087), acc: 57.333% (50.941%)
May-03 12:31:42.219 - [10600/50000] loss: 1.5092 (1.2108), acc: 33.333% (50.853%)
May-03 12:31:50.037 - [10700/50000] loss: 1.2935 (1.2108), acc: 49.333% (50.796%)
May-03 12:31:57.981 - [10800/50000] loss: 1.2374 (1.2131), acc: 45.333% (50.658%)
May-03 12:32:06.000 - [10900/50000] loss: 1.0935 (1.2140), acc: 57.333% (50.556%)
May-03 12:32:13.969 - [11000/50000] loss: 1.3846 (1.2131), acc: 49.333% (50.599%)
May-03 12:32:29.083 - [11000] Eval (100 episode) - loss: 1.1532 +- 0.1891, acc: 54.120 +- 9.707%
May-03 12:32:29.084 - * Best accuracy so far *

May-03 12:32:36.987 - [11100/50000] loss: 1.1109 (1.2309), acc: 58.667% (50.147%)
May-03 12:32:45.119 - [11200/50000] loss: 1.1073 (1.2134), acc: 53.333% (50.947%)
May-03 12:32:52.998 - [11300/50000] loss: 1.0843 (1.2100), acc: 56.000% (51.040%)
May-03 12:33:00.846 - [11400/50000] loss: 0.9665 (1.2045), acc: 69.333% (51.517%)
May-03 12:33:08.331 - [11500/50000] loss: 1.4668 (1.2085), acc: 38.667% (51.048%)
May-03 12:33:16.039 - [11600/50000] loss: 0.8246 (1.2034), acc: 76.000% (51.340%)
May-03 12:33:23.756 - [11700/50000] loss: 1.1142 (1.2053), acc: 57.333% (51.255%)
May-03 12:33:31.657 - [11800/50000] loss: 1.2511 (1.2084), acc: 50.667% (51.043%)
May-03 12:33:39.325 - [11900/50000] loss: 1.6995 (1.2103), acc: 38.667% (50.941%)
May-03 12:33:47.242 - [12000/50000] loss: 1.2686 (1.2112), acc: 44.000% (50.883%)
May-03 12:34:01.316 - [12000] Eval (100 episode) - loss: 1.1598 +- 0.1500, acc: 53.013 +- 7.888%
May-03 12:34:08.882 - [12100/50000] loss: 1.2415 (1.2021), acc: 45.333% (50.893%)
May-03 12:34:16.607 - [12200/50000] loss: 1.0281 (1.2083), acc: 57.333% (50.580%)
May-03 12:34:24.229 - [12300/50000] loss: 1.1590 (1.2114), acc: 48.000% (50.453%)
May-03 12:34:32.033 - [12400/50000] loss: 1.2477 (1.2126), acc: 45.333% (50.640%)
May-03 12:34:40.089 - [12500/50000] loss: 1.1884 (1.2147), acc: 45.333% (50.539%)
May-03 12:34:48.101 - [12600/50000] loss: 1.1658 (1.2104), acc: 56.000% (50.816%)
May-03 12:34:55.949 - [12700/50000] loss: 0.7961 (1.2060), acc: 80.000% (51.044%)
May-03 12:35:04.155 - [12800/50000] loss: 1.1867 (1.2042), acc: 56.000% (51.088%)
May-03 12:35:11.993 - [12900/50000] loss: 1.1184 (1.2045), acc: 56.000% (51.047%)
May-03 12:35:20.007 - [13000/50000] loss: 1.1817 (1.2042), acc: 54.667% (51.148%)
May-03 12:35:34.744 - [13000] Eval (100 episode) - loss: 1.1465 +- 0.1797, acc: 53.653 +- 8.946%
May-03 12:35:42.376 - [13100/50000] loss: 1.1160 (1.1912), acc: 57.333% (51.587%)
May-03 12:35:50.559 - [13200/50000] loss: 1.2621 (1.1836), acc: 42.667% (51.813%)
May-03 12:35:58.317 - [13300/50000] loss: 1.1066 (1.1920), acc: 56.000% (51.551%)
May-03 12:36:06.303 - [13400/50000] loss: 1.2921 (1.1961), acc: 45.333% (51.503%)
May-03 12:36:13.930 - [13500/50000] loss: 1.0652 (1.1976), acc: 57.333% (51.435%)
May-03 12:36:22.020 - [13600/50000] loss: 1.0127 (1.1961), acc: 56.000% (51.482%)
May-03 12:36:29.800 - [13700/50000] loss: 1.2605 (1.1965), acc: 48.000% (51.480%)
May-03 12:36:38.037 - [13800/50000] loss: 1.1855 (1.1939), acc: 54.667% (51.660%)
May-03 12:36:46.070 - [13900/50000] loss: 1.2736 (1.1958), acc: 46.667% (51.579%)
May-03 12:36:53.937 - [14000/50000] loss: 1.5272 (1.1946), acc: 40.000% (51.611%)
May-03 12:37:08.240 - [14000] Eval (100 episode) - loss: 1.1412 +- 0.1769, acc: 53.947 +- 9.118%
May-03 12:37:15.671 - [14100/50000] loss: 0.9011 (1.1759), acc: 58.667% (51.973%)
May-03 12:37:23.732 - [14200/50000] loss: 0.9996 (1.1820), acc: 60.000% (51.760%)
May-03 12:37:31.378 - [14300/50000] loss: 1.0632 (1.1860), acc: 52.000% (52.018%)
May-03 12:37:39.386 - [14400/50000] loss: 1.0288 (1.1849), acc: 57.333% (52.147%)
May-03 12:37:47.106 - [14500/50000] loss: 1.1030 (1.1875), acc: 56.000% (52.072%)
May-03 12:37:55.042 - [14600/50000] loss: 1.3655 (1.1894), acc: 53.333% (51.949%)
May-03 12:38:02.862 - [14700/50000] loss: 1.2825 (1.1906), acc: 48.000% (51.895%)
May-03 12:38:10.639 - [14800/50000] loss: 1.3041 (1.1895), acc: 49.333% (51.920%)
May-03 12:38:18.613 - [14900/50000] loss: 1.2004 (1.1928), acc: 53.333% (51.767%)
May-03 12:38:26.554 - [15000/50000] loss: 1.2851 (1.1920), acc: 46.667% (51.813%)
May-03 12:38:40.984 - [15000] Eval (100 episode) - loss: 1.1628 +- 0.1720, acc: 53.093 +- 8.576%
May-03 12:38:48.265 - [15100/50000] loss: 0.9354 (1.2010), acc: 69.333% (51.480%)
May-03 12:38:56.190 - [15200/50000] loss: 1.1528 (1.1927), acc: 52.000% (51.747%)
May-03 12:39:04.235 - [15300/50000] loss: 0.9309 (1.1875), acc: 62.667% (51.991%)
May-03 12:39:12.158 - [15400/50000] loss: 1.3396 (1.1806), acc: 37.333% (52.390%)
May-03 12:39:19.747 - [15500/50000] loss: 1.1622 (1.1780), acc: 54.667% (52.611%)
May-03 12:39:27.303 - [15600/50000] loss: 0.9025 (1.1733), acc: 66.667% (52.864%)
May-03 12:39:35.183 - [15700/50000] loss: 0.9888 (1.1712), acc: 62.667% (52.821%)
May-03 12:39:42.898 - [15800/50000] loss: 0.8894 (1.1709), acc: 73.333% (52.797%)
May-03 12:39:50.718 - [15900/50000] loss: 0.8956 (1.1722), acc: 72.000% (52.721%)
May-03 12:39:58.484 - [16000/50000] loss: 1.1953 (1.1735), acc: 50.667% (52.679%)
May-03 12:40:12.552 - [16000] Eval (100 episode) - loss: 1.1497 +- 0.1925, acc: 53.867 +- 9.524%
May-03 12:40:20.249 - [16100/50000] loss: 1.3124 (1.1920), acc: 49.333% (52.000%)
May-03 12:40:28.203 - [16200/50000] loss: 1.2140 (1.1865), acc: 48.000% (51.940%)
May-03 12:40:36.009 - [16300/50000] loss: 1.0953 (1.1857), acc: 58.667% (51.996%)
May-03 12:40:43.751 - [16400/50000] loss: 1.3776 (1.1889), acc: 44.000% (51.747%)
May-03 12:40:52.016 - [16500/50000] loss: 0.9857 (1.1844), acc: 57.333% (51.925%)
May-03 12:40:59.953 - [16600/50000] loss: 0.9470 (1.1768), acc: 64.000% (52.411%)
May-03 12:41:07.730 - [16700/50000] loss: 1.8567 (1.1743), acc: 25.333% (52.571%)
May-03 12:41:15.642 - [16800/50000] loss: 1.1215 (1.1776), acc: 58.667% (52.425%)
May-03 12:41:23.537 - [16900/50000] loss: 1.5573 (1.1765), acc: 40.000% (52.412%)
May-03 12:41:31.538 - [17000/50000] loss: 1.1403 (1.1789), acc: 49.333% (52.332%)
May-03 12:41:46.472 - [17000] Eval (100 episode) - loss: 1.1135 +- 0.1759, acc: 55.120 +- 9.110%
May-03 12:41:46.473 - * Best accuracy so far *

May-03 12:41:53.923 - [17100/50000] loss: 1.3808 (1.2149), acc: 41.333% (50.627%)
May-03 12:42:01.766 - [17200/50000] loss: 1.0559 (1.1820), acc: 69.333% (52.413%)
May-03 12:42:09.762 - [17300/50000] loss: 1.5468 (1.1700), acc: 32.000% (53.164%)
May-03 12:42:18.045 - [17400/50000] loss: 1.1451 (1.1706), acc: 56.000% (53.030%)
May-03 12:42:25.580 - [17500/50000] loss: 1.4267 (1.1716), acc: 44.000% (52.995%)
May-03 12:42:33.654 - [17600/50000] loss: 1.1495 (1.1702), acc: 58.667% (52.953%)
May-03 12:42:41.340 - [17700/50000] loss: 1.0827 (1.1721), acc: 64.000% (52.876%)
May-03 12:42:49.685 - [17800/50000] loss: 1.2908 (1.1711), acc: 54.667% (52.815%)
May-03 12:42:57.196 - [17900/50000] loss: 1.2719 (1.1691), acc: 48.000% (52.883%)
May-03 12:43:05.078 - [18000/50000] loss: 1.1243 (1.1694), acc: 60.000% (52.816%)
May-03 12:43:20.287 - [18000] Eval (100 episode) - loss: 1.1460 +- 0.1645, acc: 53.840 +- 8.581%
May-03 12:43:28.120 - [18100/50000] loss: 0.9171 (1.1455), acc: 65.333% (54.160%)
May-03 12:43:35.888 - [18200/50000] loss: 1.2254 (1.1673), acc: 54.667% (53.187%)
May-03 12:43:43.679 - [18300/50000] loss: 1.3376 (1.1570), acc: 41.333% (53.471%)
May-03 12:43:51.588 - [18400/50000] loss: 1.4956 (1.1595), acc: 41.333% (53.413%)
May-03 12:43:59.353 - [18500/50000] loss: 0.8841 (1.1575), acc: 72.000% (53.424%)
May-03 12:44:07.473 - [18600/50000] loss: 1.5243 (1.1561), acc: 44.000% (53.378%)
May-03 12:44:15.266 - [18700/50000] loss: 1.2594 (1.1605), acc: 49.333% (53.234%)
May-03 12:44:23.123 - [18800/50000] loss: 1.0969 (1.1615), acc: 57.333% (53.142%)
May-03 12:44:30.878 - [18900/50000] loss: 1.0359 (1.1639), acc: 61.333% (53.018%)
May-03 12:44:38.928 - [19000/50000] loss: 0.9051 (1.1639), acc: 66.667% (53.001%)
May-03 12:44:53.852 - [19000] Eval (100 episode) - loss: 1.0998 +- 0.1780, acc: 55.973 +- 9.507%
May-03 12:44:53.852 - * Best accuracy so far *

May-03 12:45:01.478 - [19100/50000] loss: 0.7801 (1.1633), acc: 74.667% (53.440%)
May-03 12:45:09.497 - [19200/50000] loss: 1.1850 (1.1810), acc: 52.000% (52.487%)
May-03 12:45:17.406 - [19300/50000] loss: 1.4231 (1.1716), acc: 41.333% (52.671%)
May-03 12:45:25.714 - [19400/50000] loss: 1.1585 (1.1709), acc: 52.000% (52.833%)
May-03 12:45:33.554 - [19500/50000] loss: 1.1241 (1.1643), acc: 61.333% (53.149%)
May-03 12:45:41.427 - [19600/50000] loss: 1.0415 (1.1658), acc: 60.000% (53.107%)
May-03 12:45:48.869 - [19700/50000] loss: 1.1721 (1.1687), acc: 56.000% (52.888%)
May-03 12:45:56.658 - [19800/50000] loss: 0.8252 (1.1635), acc: 62.667% (53.112%)
May-03 12:46:04.731 - [19900/50000] loss: 1.2843 (1.1652), acc: 52.000% (53.012%)
May-03 12:46:12.795 - [20000/50000] loss: 1.4947 (1.1656), acc: 34.667% (52.992%)
May-03 12:46:27.980 - [20000] Eval (100 episode) - loss: 1.1202 +- 0.1957, acc: 54.747 +- 10.264%
May-03 12:46:35.837 - [20100/50000] loss: 1.4956 (1.1854), acc: 30.667% (51.960%)
May-03 12:46:43.986 - [20200/50000] loss: 1.3185 (1.1665), acc: 48.000% (52.833%)
May-03 12:46:52.234 - [20300/50000] loss: 0.9515 (1.1685), acc: 62.667% (52.711%)
May-03 12:47:00.491 - [20400/50000] loss: 1.3913 (1.1697), acc: 45.333% (52.697%)
May-03 12:47:10.244 - [20500/50000] loss: 0.9785 (1.1689), acc: 58.667% (52.837%)
May-03 12:47:18.692 - [20600/50000] loss: 1.3050 (1.1640), acc: 42.667% (53.027%)
May-03 12:47:26.876 - [20700/50000] loss: 1.1125 (1.1615), acc: 54.667% (53.105%)
May-03 12:47:35.228 - [20800/50000] loss: 0.8713 (1.1607), acc: 66.667% (53.070%)
May-03 12:47:43.696 - [20900/50000] loss: 1.1135 (1.1589), acc: 56.000% (53.184%)
May-03 12:47:51.308 - [21000/50000] loss: 1.2502 (1.1599), acc: 44.000% (53.159%)
May-03 12:48:06.445 - [21000] Eval (100 episode) - loss: 1.1239 +- 0.1596, acc: 54.227 +- 9.201%
May-03 12:48:14.096 - [21100/50000] loss: 0.9702 (1.1526), acc: 65.333% (53.973%)
May-03 12:48:21.856 - [21200/50000] loss: 1.3543 (1.1626), acc: 40.000% (53.253%)
May-03 12:48:30.094 - [21300/50000] loss: 1.4927 (1.1537), acc: 41.333% (53.476%)
May-03 12:48:38.604 - [21400/50000] loss: 1.1391 (1.1506), acc: 53.333% (53.640%)
May-03 12:48:46.903 - [21500/50000] loss: 1.4044 (1.1489), acc: 38.667% (53.891%)
May-03 12:48:54.995 - [21600/50000] loss: 0.9102 (1.1471), acc: 64.000% (53.896%)
May-03 12:49:03.335 - [21700/50000] loss: 1.3222 (1.1465), acc: 44.000% (53.846%)
May-03 12:49:11.768 - [21800/50000] loss: 1.1621 (1.1509), acc: 54.667% (53.705%)
May-03 12:49:20.472 - [21900/50000] loss: 1.0420 (1.1514), acc: 58.667% (53.699%)
May-03 12:49:28.530 - [22000/50000] loss: 1.1425 (1.1533), acc: 53.333% (53.624%)
May-03 12:49:43.471 - [22000] Eval (100 episode) - loss: 1.1164 +- 0.1746, acc: 55.467 +- 8.916%
May-03 12:49:51.120 - [22100/50000] loss: 1.0567 (1.1780), acc: 57.333% (51.400%)
May-03 12:49:58.963 - [22200/50000] loss: 0.8964 (1.1743), acc: 69.333% (51.980%)
May-03 12:50:06.851 - [22300/50000] loss: 1.0398 (1.1758), acc: 60.000% (52.027%)
May-03 12:50:14.933 - [22400/50000] loss: 1.0630 (1.1696), acc: 57.333% (52.560%)
May-03 12:50:22.695 - [22500/50000] loss: 0.9420 (1.1620), acc: 66.667% (52.899%)
May-03 12:50:30.585 - [22600/50000] loss: 0.9486 (1.1569), acc: 62.667% (53.182%)
May-03 12:50:38.141 - [22700/50000] loss: 1.0029 (1.1639), acc: 62.667% (52.891%)
May-03 12:50:45.887 - [22800/50000] loss: 1.2341 (1.1654), acc: 57.333% (52.855%)
May-03 12:50:53.948 - [22900/50000] loss: 0.9264 (1.1654), acc: 68.000% (52.796%)
May-03 12:51:01.955 - [23000/50000] loss: 0.8837 (1.1642), acc: 65.333% (52.895%)
May-03 12:51:16.779 - [23000] Eval (100 episode) - loss: 1.1230 +- 0.1862, acc: 54.280 +- 9.582%
May-03 12:51:24.116 - [23100/50000] loss: 1.2731 (1.1499), acc: 45.333% (53.560%)
May-03 12:51:32.162 - [23200/50000] loss: 1.0763 (1.1485), acc: 60.000% (53.587%)
May-03 12:51:39.957 - [23300/50000] loss: 1.5499 (1.1549), acc: 34.667% (53.480%)
May-03 12:51:47.465 - [23400/50000] loss: 1.0478 (1.1519), acc: 61.333% (53.477%)
May-03 12:51:55.601 - [23500/50000] loss: 1.2817 (1.1509), acc: 52.000% (53.488%)
May-03 12:52:03.230 - [23600/50000] loss: 1.2805 (1.1458), acc: 48.000% (53.691%)
May-03 12:52:11.062 - [23700/50000] loss: 1.0404 (1.1519), acc: 57.333% (53.461%)
May-03 12:52:18.977 - [23800/50000] loss: 0.9400 (1.1511), acc: 61.333% (53.502%)
May-03 12:52:26.690 - [23900/50000] loss: 1.1905 (1.1497), acc: 53.333% (53.490%)
May-03 12:52:34.791 - [24000/50000] loss: 1.0430 (1.1518), acc: 58.667% (53.400%)
May-03 12:52:49.039 - [24000] Eval (100 episode) - loss: 1.1057 +- 0.1716, acc: 55.307 +- 9.569%
May-03 12:52:56.521 - [24100/50000] loss: 1.1335 (1.1526), acc: 52.000% (53.493%)
May-03 12:53:04.242 - [24200/50000] loss: 0.8656 (1.1550), acc: 66.667% (53.180%)
May-03 12:53:12.198 - [24300/50000] loss: 0.9527 (1.1519), acc: 62.667% (53.413%)
May-03 12:53:20.341 - [24400/50000] loss: 1.3439 (1.1440), acc: 37.333% (53.607%)
May-03 12:53:28.137 - [24500/50000] loss: 1.1566 (1.1380), acc: 52.000% (53.941%)
May-03 12:53:36.602 - [24600/50000] loss: 1.0131 (1.1366), acc: 62.667% (54.011%)
May-03 12:53:44.496 - [24700/50000] loss: 1.1117 (1.1334), acc: 56.000% (54.242%)
May-03 12:53:52.571 - [24800/50000] loss: 1.1362 (1.1388), acc: 56.000% (54.103%)
May-03 12:54:00.225 - [24900/50000] loss: 1.3012 (1.1368), acc: 46.667% (54.169%)
May-03 12:54:07.927 - [25000/50000] loss: 0.9154 (1.1375), acc: 66.667% (54.197%)
May-03 12:54:22.753 - [25000] Eval (100 episode) - loss: 1.0871 +- 0.1757, acc: 56.733 +- 9.290%
May-03 12:54:22.754 - * Best accuracy so far *

May-03 12:54:30.134 - [25100/50000] loss: 0.8489 (1.1354), acc: 68.000% (54.867%)
May-03 12:54:38.069 - [25200/50000] loss: 1.5356 (1.1477), acc: 34.667% (54.240%)
May-03 12:54:45.848 - [25300/50000] loss: 1.0111 (1.1481), acc: 56.000% (53.840%)
May-03 12:54:53.728 - [25400/50000] loss: 1.4748 (1.1433), acc: 36.000% (54.087%)
May-03 12:55:01.630 - [25500/50000] loss: 1.5285 (1.1421), acc: 32.000% (54.067%)
May-03 12:55:09.528 - [25600/50000] loss: 0.8677 (1.1476), acc: 68.000% (53.876%)
May-03 12:55:17.618 - [25700/50000] loss: 1.1404 (1.1475), acc: 56.000% (53.842%)
May-03 12:55:25.373 - [25800/50000] loss: 1.3085 (1.1451), acc: 45.333% (53.933%)
May-03 12:55:33.526 - [25900/50000] loss: 0.9673 (1.1447), acc: 62.667% (54.015%)
May-03 12:55:41.293 - [26000/50000] loss: 1.4298 (1.1477), acc: 41.333% (53.939%)
May-03 12:55:56.304 - [26000] Eval (100 episode) - loss: 1.0768 +- 0.1595, acc: 56.533 +- 8.678%
May-03 12:56:03.958 - [26100/50000] loss: 1.0525 (1.1271), acc: 54.667% (54.560%)
May-03 12:56:11.910 - [26200/50000] loss: 1.0160 (1.1316), acc: 61.333% (54.347%)
May-03 12:56:19.855 - [26300/50000] loss: 1.2385 (1.1388), acc: 41.333% (53.969%)
May-03 12:56:27.707 - [26400/50000] loss: 0.9833 (1.1384), acc: 64.000% (54.113%)
May-03 12:56:35.510 - [26500/50000] loss: 1.0666 (1.1366), acc: 56.000% (54.208%)
May-03 12:56:43.260 - [26600/50000] loss: 0.8520 (1.1355), acc: 65.333% (54.242%)
May-03 12:56:51.141 - [26700/50000] loss: 1.1633 (1.1311), acc: 56.000% (54.524%)
May-03 12:56:59.050 - [26800/50000] loss: 1.4654 (1.1334), acc: 41.333% (54.425%)
May-03 12:57:06.957 - [26900/50000] loss: 1.0522 (1.1301), acc: 52.000% (54.557%)
May-03 12:57:14.842 - [27000/50000] loss: 1.2338 (1.1328), acc: 53.333% (54.512%)
May-03 12:57:29.556 - [27000] Eval (100 episode) - loss: 1.1299 +- 0.1779, acc: 53.880 +- 9.709%
May-03 12:57:37.347 - [27100/50000] loss: 1.2467 (1.1038), acc: 52.000% (56.467%)
May-03 12:57:45.362 - [27200/50000] loss: 0.9652 (1.1033), acc: 62.667% (56.073%)
May-03 12:57:53.335 - [27300/50000] loss: 1.2742 (1.1233), acc: 45.333% (55.036%)
May-03 12:58:01.134 - [27400/50000] loss: 1.1089 (1.1201), acc: 57.333% (55.153%)
May-03 12:58:08.879 - [27500/50000] loss: 1.2978 (1.1198), acc: 52.000% (55.093%)
May-03 12:58:16.770 - [27600/50000] loss: 1.2952 (1.1225), acc: 42.667% (54.973%)
May-03 12:58:24.763 - [27700/50000] loss: 1.0604 (1.1248), acc: 58.667% (54.884%)
May-03 12:58:32.553 - [27800/50000] loss: 1.0219 (1.1275), acc: 61.333% (54.758%)
May-03 12:58:40.650 - [27900/50000] loss: 1.3418 (1.1290), acc: 41.333% (54.720%)
May-03 12:58:48.577 - [28000/50000] loss: 1.1231 (1.1326), acc: 60.000% (54.557%)
May-03 12:59:02.942 - [28000] Eval (100 episode) - loss: 1.0994 +- 0.1705, acc: 55.653 +- 8.607%
May-03 12:59:10.776 - [28100/50000] loss: 1.3328 (1.1453), acc: 44.000% (53.907%)
May-03 12:59:18.685 - [28200/50000] loss: 1.0565 (1.1299), acc: 60.000% (54.713%)
May-03 12:59:26.838 - [28300/50000] loss: 0.9801 (1.1265), acc: 62.667% (54.547%)
May-03 12:59:34.474 - [28400/50000] loss: 1.3153 (1.1283), acc: 50.667% (54.543%)
May-03 12:59:42.953 - [28500/50000] loss: 1.1988 (1.1345), acc: 58.667% (54.219%)
May-03 12:59:51.100 - [28600/50000] loss: 1.1967 (1.1290), acc: 49.333% (54.511%)
May-03 12:59:58.964 - [28700/50000] loss: 1.0291 (1.1295), acc: 57.333% (54.510%)
May-03 13:00:06.548 - [28800/50000] loss: 1.4405 (1.1310), acc: 42.667% (54.468%)
May-03 13:00:14.220 - [28900/50000] loss: 1.1875 (1.1312), acc: 52.000% (54.508%)
May-03 13:00:22.255 - [29000/50000] loss: 1.3774 (1.1326), acc: 48.000% (54.527%)
May-03 13:00:37.132 - [29000] Eval (100 episode) - loss: 1.0829 +- 0.2087, acc: 56.987 +- 9.690%
May-03 13:00:37.132 - * Best accuracy so far *

May-03 13:00:44.602 - [29100/50000] loss: 1.4148 (1.1610), acc: 41.333% (53.200%)
May-03 13:00:52.664 - [29200/50000] loss: 1.2195 (1.1501), acc: 52.000% (53.527%)
May-03 13:01:00.606 - [29300/50000] loss: 1.3651 (1.1487), acc: 49.333% (53.756%)
May-03 13:01:08.594 - [29400/50000] loss: 1.2403 (1.1421), acc: 54.667% (54.143%)
May-03 13:01:16.497 - [29500/50000] loss: 1.0959 (1.1383), acc: 54.667% (54.243%)
May-03 13:01:24.492 - [29600/50000] loss: 1.2323 (1.1373), acc: 52.000% (54.322%)
May-03 13:01:32.389 - [29700/50000] loss: 1.3895 (1.1357), acc: 46.667% (54.322%)
May-03 13:01:40.430 - [29800/50000] loss: 1.1004 (1.1324), acc: 58.667% (54.462%)
May-03 13:01:48.353 - [29900/50000] loss: 1.0457 (1.1297), acc: 58.667% (54.621%)
May-03 13:01:56.411 - [30000/50000] loss: 1.0044 (1.1283), acc: 61.333% (54.683%)
May-03 13:02:10.690 - [30000] Eval (100 episode) - loss: 1.1081 +- 0.1750, acc: 55.400 +- 8.683%
May-03 13:02:18.115 - [30100/50000] loss: 1.1387 (1.1111), acc: 52.000% (55.627%)
May-03 13:02:26.235 - [30200/50000] loss: 1.2360 (1.1121), acc: 52.000% (55.373%)
May-03 13:02:34.132 - [30300/50000] loss: 1.1433 (1.1187), acc: 58.667% (55.231%)
May-03 13:02:41.896 - [30400/50000] loss: 1.0349 (1.1256), acc: 49.333% (54.930%)
May-03 13:02:49.909 - [30500/50000] loss: 1.0674 (1.1294), acc: 54.667% (54.733%)
May-03 13:02:57.831 - [30600/50000] loss: 1.1409 (1.1347), acc: 56.000% (54.473%)
May-03 13:03:05.550 - [30700/50000] loss: 1.1528 (1.1350), acc: 53.333% (54.417%)
May-03 13:03:13.505 - [30800/50000] loss: 0.9596 (1.1362), acc: 66.667% (54.288%)
May-03 13:03:21.554 - [30900/50000] loss: 0.6862 (1.1316), acc: 74.667% (54.561%)
May-03 13:03:29.606 - [31000/50000] loss: 1.3218 (1.1286), acc: 45.333% (54.660%)
May-03 13:03:44.114 - [31000] Eval (100 episode) - loss: 1.0698 +- 0.1613, acc: 57.240 +- 8.342%
May-03 13:03:44.115 - * Best accuracy so far *

May-03 13:03:51.880 - [31100/50000] loss: 1.1647 (1.0990), acc: 53.333% (55.867%)
May-03 13:04:00.101 - [31200/50000] loss: 0.8567 (1.1107), acc: 68.000% (55.547%)
May-03 13:04:08.163 - [31300/50000] loss: 0.8847 (1.1133), acc: 68.000% (55.440%)
May-03 13:04:16.184 - [31400/50000] loss: 1.1117 (1.1151), acc: 41.333% (55.330%)
May-03 13:04:23.915 - [31500/50000] loss: 1.2606 (1.1150), acc: 46.667% (55.253%)
May-03 13:04:31.806 - [31600/50000] loss: 1.0719 (1.1118), acc: 50.667% (55.444%)
May-03 13:04:39.750 - [31700/50000] loss: 1.0170 (1.1136), acc: 65.333% (55.267%)
May-03 13:04:47.691 - [31800/50000] loss: 1.1124 (1.1127), acc: 60.000% (55.308%)
May-03 13:04:55.349 - [31900/50000] loss: 1.1977 (1.1142), acc: 53.333% (55.310%)
May-03 13:05:03.305 - [32000/50000] loss: 1.2981 (1.1149), acc: 48.000% (55.255%)
May-03 13:05:18.134 - [32000] Eval (100 episode) - loss: 1.0890 +- 0.1872, acc: 57.147 +- 9.356%
May-03 13:05:25.875 - [32100/50000] loss: 1.0841 (1.1150), acc: 58.667% (55.453%)
May-03 13:05:33.576 - [32200/50000] loss: 1.0456 (1.1190), acc: 64.000% (55.593%)
May-03 13:05:41.717 - [32300/50000] loss: 1.4228 (1.1238), acc: 37.333% (55.062%)
May-03 13:05:49.691 - [32400/50000] loss: 1.1006 (1.1335), acc: 56.000% (54.420%)
May-03 13:05:57.678 - [32500/50000] loss: 1.2788 (1.1271), acc: 45.333% (54.733%)
May-03 13:06:05.772 - [32600/50000] loss: 1.1704 (1.1243), acc: 48.000% (54.773%)
May-03 13:06:13.688 - [32700/50000] loss: 1.3215 (1.1206), acc: 45.333% (54.930%)
May-03 13:06:21.555 - [32800/50000] loss: 1.4637 (1.1226), acc: 42.667% (54.837%)
May-03 13:06:29.660 - [32900/50000] loss: 1.1078 (1.1210), acc: 56.000% (54.904%)
May-03 13:06:37.630 - [33000/50000] loss: 1.0841 (1.1255), acc: 54.667% (54.683%)
May-03 13:06:52.500 - [33000] Eval (100 episode) - loss: 1.0761 +- 0.1905, acc: 56.573 +- 10.077%
May-03 13:07:00.010 - [33100/50000] loss: 0.6364 (1.1229), acc: 88.000% (54.773%)
May-03 13:07:07.698 - [33200/50000] loss: 1.3110 (1.1201), acc: 46.667% (55.420%)
May-03 13:07:15.966 - [33300/50000] loss: 1.0703 (1.1138), acc: 58.667% (55.667%)
May-03 13:07:23.847 - [33400/50000] loss: 0.9883 (1.1097), acc: 57.333% (55.833%)
May-03 13:07:31.804 - [33500/50000] loss: 1.1666 (1.1078), acc: 52.000% (55.912%)
May-03 13:07:39.766 - [33600/50000] loss: 1.4126 (1.1114), acc: 44.000% (55.638%)
May-03 13:07:47.795 - [33700/50000] loss: 1.2965 (1.1112), acc: 49.333% (55.577%)
May-03 13:07:55.537 - [33800/50000] loss: 1.0100 (1.1092), acc: 56.000% (55.695%)
May-03 13:08:03.784 - [33900/50000] loss: 1.1964 (1.1139), acc: 53.333% (55.413%)
May-03 13:08:11.608 - [34000/50000] loss: 1.1887 (1.1136), acc: 52.000% (55.439%)
May-03 13:08:26.878 - [34000] Eval (100 episode) - loss: 1.0896 +- 0.1651, acc: 56.240 +- 9.118%
May-03 13:08:34.336 - [34100/50000] loss: 1.0329 (1.1150), acc: 56.000% (55.160%)
May-03 13:08:42.324 - [34200/50000] loss: 0.9251 (1.1222), acc: 70.667% (54.947%)
May-03 13:08:49.944 - [34300/50000] loss: 1.4883 (1.1308), acc: 32.000% (54.431%)
May-03 13:08:57.725 - [34400/50000] loss: 1.3716 (1.1272), acc: 37.333% (54.667%)
May-03 13:09:05.659 - [34500/50000] loss: 1.2755 (1.1286), acc: 45.333% (54.680%)
May-03 13:09:13.794 - [34600/50000] loss: 1.4469 (1.1277), acc: 41.333% (54.660%)
May-03 13:09:21.920 - [34700/50000] loss: 0.9975 (1.1241), acc: 64.000% (54.895%)
May-03 13:09:29.622 - [34800/50000] loss: 1.2247 (1.1237), acc: 56.000% (54.960%)
May-03 13:09:37.449 - [34900/50000] loss: 1.1865 (1.1245), acc: 48.000% (54.953%)
May-03 13:09:45.386 - [35000/50000] loss: 1.3883 (1.1248), acc: 36.000% (54.868%)
May-03 13:10:00.452 - [35000] Eval (100 episode) - loss: 1.0461 +- 0.1601, acc: 58.187 +- 8.815%
May-03 13:10:00.453 - * Best accuracy so far *

May-03 13:10:08.134 - [35100/50000] loss: 0.7878 (1.1101), acc: 72.000% (55.560%)
May-03 13:10:15.949 - [35200/50000] loss: 1.3611 (1.1241), acc: 45.333% (54.687%)
May-03 13:10:23.652 - [35300/50000] loss: 0.9388 (1.1259), acc: 64.000% (54.631%)
May-03 13:10:31.891 - [35400/50000] loss: 1.1652 (1.1201), acc: 50.667% (54.980%)
May-03 13:10:39.542 - [35500/50000] loss: 1.0895 (1.1204), acc: 48.000% (54.939%)
May-03 13:10:47.430 - [35600/50000] loss: 1.0497 (1.1153), acc: 61.333% (55.184%)
May-03 13:10:55.710 - [35700/50000] loss: 1.4538 (1.1181), acc: 48.000% (55.137%)
May-03 13:11:03.475 - [35800/50000] loss: 1.0860 (1.1189), acc: 60.000% (55.117%)
May-03 13:11:11.348 - [35900/50000] loss: 1.0681 (1.1183), acc: 50.667% (55.191%)
May-03 13:11:19.391 - [36000/50000] loss: 0.7945 (1.1204), acc: 72.000% (55.052%)
May-03 13:11:34.405 - [36000] Eval (100 episode) - loss: 1.0443 +- 0.1709, acc: 57.307 +- 9.492%
May-03 13:11:41.868 - [36100/50000] loss: 0.9875 (1.0891), acc: 60.000% (55.600%)
May-03 13:11:49.746 - [36200/50000] loss: 1.1237 (1.1045), acc: 56.000% (55.027%)
May-03 13:11:57.502 - [36300/50000] loss: 1.4092 (1.0978), acc: 38.667% (55.538%)
May-03 13:12:05.213 - [36400/50000] loss: 1.1050 (1.1025), acc: 60.000% (55.603%)
May-03 13:12:12.852 - [36500/50000] loss: 1.2433 (1.1069), acc: 46.667% (55.483%)
May-03 13:12:20.505 - [36600/50000] loss: 1.2668 (1.1133), acc: 58.667% (55.296%)
May-03 13:12:28.385 - [36700/50000] loss: 1.0668 (1.1144), acc: 58.667% (55.223%)
May-03 13:12:36.023 - [36800/50000] loss: 1.1158 (1.1141), acc: 57.333% (55.320%)
May-03 13:12:43.829 - [36900/50000] loss: 0.7883 (1.1181), acc: 72.000% (55.113%)
May-03 13:12:51.788 - [37000/50000] loss: 1.2773 (1.1201), acc: 53.333% (55.015%)
May-03 13:13:06.632 - [37000] Eval (100 episode) - loss: 1.0690 +- 0.1820, acc: 57.093 +- 8.981%
May-03 13:13:14.217 - [37100/50000] loss: 1.2041 (1.1119), acc: 54.667% (55.893%)
May-03 13:13:21.987 - [37200/50000] loss: 1.1688 (1.1055), acc: 50.667% (55.627%)
May-03 13:13:30.110 - [37300/50000] loss: 1.2282 (1.1031), acc: 45.333% (55.800%)
May-03 13:13:37.915 - [37400/50000] loss: 1.0934 (1.1007), acc: 58.667% (55.863%)
May-03 13:13:45.658 - [37500/50000] loss: 1.1213 (1.1090), acc: 54.667% (55.363%)
May-03 13:13:53.696 - [37600/50000] loss: 1.0264 (1.1069), acc: 54.667% (55.402%)
May-03 13:14:01.524 - [37700/50000] loss: 0.9487 (1.1073), acc: 62.667% (55.459%)
May-03 13:14:09.140 - [37800/50000] loss: 0.8470 (1.1122), acc: 66.667% (55.252%)
May-03 13:14:16.879 - [37900/50000] loss: 1.4232 (1.1150), acc: 42.667% (55.151%)
May-03 13:14:25.022 - [38000/50000] loss: 0.9442 (1.1152), acc: 52.000% (55.125%)
May-03 13:14:39.811 - [38000] Eval (100 episode) - loss: 1.0776 +- 0.1745, acc: 56.027 +- 8.426%
May-03 13:14:47.499 - [38100/50000] loss: 0.9409 (1.1094), acc: 61.333% (55.960%)
May-03 13:14:55.452 - [38200/50000] loss: 1.1543 (1.1069), acc: 48.000% (55.793%)
May-03 13:15:03.112 - [38300/50000] loss: 1.1578 (1.1137), acc: 56.000% (55.480%)
May-03 13:15:11.019 - [38400/50000] loss: 1.0103 (1.1065), acc: 57.333% (55.687%)
May-03 13:15:18.845 - [38500/50000] loss: 1.0011 (1.0996), acc: 64.000% (55.989%)
May-03 13:15:26.730 - [38600/50000] loss: 0.8551 (1.0984), acc: 65.333% (56.122%)
May-03 13:15:34.589 - [38700/50000] loss: 1.3017 (1.1004), acc: 50.667% (55.956%)
May-03 13:15:42.477 - [38800/50000] loss: 1.2277 (1.1004), acc: 44.000% (55.970%)
May-03 13:15:50.599 - [38900/50000] loss: 1.1673 (1.1034), acc: 46.667% (55.870%)
May-03 13:15:58.378 - [39000/50000] loss: 1.1864 (1.1063), acc: 49.333% (55.673%)
May-03 13:16:13.420 - [39000] Eval (100 episode) - loss: 1.0363 +- 0.1654, acc: 58.680 +- 8.951%
May-03 13:16:13.421 - * Best accuracy so far *

May-03 13:16:20.884 - [39100/50000] loss: 0.9782 (1.1258), acc: 62.667% (54.373%)
May-03 13:16:28.882 - [39200/50000] loss: 0.9079 (1.1181), acc: 64.000% (54.933%)
May-03 13:16:36.748 - [39300/50000] loss: 1.2598 (1.1050), acc: 45.333% (55.973%)
May-03 13:16:44.490 - [39400/50000] loss: 1.2688 (1.1077), acc: 50.667% (55.773%)
May-03 13:16:52.605 - [39500/50000] loss: 1.0076 (1.1021), acc: 68.000% (55.835%)
May-03 13:17:00.256 - [39600/50000] loss: 1.2256 (1.1021), acc: 52.000% (55.851%)
May-03 13:17:08.321 - [39700/50000] loss: 1.0828 (1.1042), acc: 53.333% (55.792%)
May-03 13:17:16.426 - [39800/50000] loss: 0.9384 (1.1056), acc: 68.000% (55.748%)
May-03 13:17:24.286 - [39900/50000] loss: 0.9204 (1.1068), acc: 65.333% (55.696%)
May-03 13:17:32.105 - [40000/50000] loss: 0.8929 (1.1081), acc: 70.667% (55.645%)
May-03 13:17:46.526 - [40000] Eval (100 episode) - loss: 1.0751 +- 0.1826, acc: 57.120 +- 9.390%
May-03 13:17:54.171 - [40100/50000] loss: 0.9710 (1.1382), acc: 64.000% (54.560%)
May-03 13:18:02.023 - [40200/50000] loss: 1.1421 (1.1201), acc: 50.667% (55.333%)
May-03 13:18:10.014 - [40300/50000] loss: 1.3220 (1.1193), acc: 46.667% (55.200%)
May-03 13:18:17.849 - [40400/50000] loss: 0.8736 (1.1130), acc: 65.333% (55.263%)
May-03 13:18:26.392 - [40500/50000] loss: 0.9917 (1.1101), acc: 56.000% (55.477%)
May-03 13:18:34.346 - [40600/50000] loss: 0.9896 (1.1098), acc: 57.333% (55.438%)
May-03 13:18:42.180 - [40700/50000] loss: 1.0946 (1.1076), acc: 57.333% (55.550%)
May-03 13:18:50.074 - [40800/50000] loss: 1.2824 (1.1067), acc: 52.000% (55.647%)
May-03 13:18:57.941 - [40900/50000] loss: 1.0534 (1.1018), acc: 56.000% (55.830%)
May-03 13:19:05.731 - [41000/50000] loss: 1.0519 (1.1014), acc: 57.333% (55.865%)
May-03 13:19:20.283 - [41000] Eval (100 episode) - loss: 1.0355 +- 0.1695, acc: 57.720 +- 8.711%
May-03 13:19:27.606 - [41100/50000] loss: 0.9486 (1.0732), acc: 61.333% (57.707%)
May-03 13:19:35.220 - [41200/50000] loss: 1.2586 (1.0824), acc: 49.333% (57.040%)
May-03 13:19:42.874 - [41300/50000] loss: 0.8507 (1.0859), acc: 66.667% (56.724%)
May-03 13:19:50.961 - [41400/50000] loss: 1.0050 (1.0990), acc: 64.000% (56.130%)
May-03 13:19:58.950 - [41500/50000] loss: 0.6574 (1.0992), acc: 81.333% (56.133%)
May-03 13:20:06.640 - [41600/50000] loss: 1.1822 (1.1009), acc: 53.333% (56.020%)
May-03 13:20:14.268 - [41700/50000] loss: 1.1126 (1.1025), acc: 56.000% (55.973%)
May-03 13:20:22.448 - [41800/50000] loss: 1.2365 (1.1047), acc: 44.000% (55.778%)
May-03 13:20:30.321 - [41900/50000] loss: 1.3072 (1.1026), acc: 42.667% (55.920%)
May-03 13:20:38.074 - [42000/50000] loss: 1.2756 (1.1027), acc: 44.000% (55.817%)
May-03 13:20:52.687 - [42000] Eval (100 episode) - loss: 1.0803 +- 0.1807, acc: 56.373 +- 9.124%
May-03 13:21:00.288 - [42100/50000] loss: 1.2168 (1.1091), acc: 54.667% (55.280%)
May-03 13:21:08.675 - [42200/50000] loss: 1.1999 (1.1066), acc: 50.667% (55.527%)
May-03 13:21:16.454 - [42300/50000] loss: 0.7272 (1.1134), acc: 73.333% (55.169%)
May-03 13:21:24.314 - [42400/50000] loss: 1.2958 (1.1122), acc: 46.667% (55.263%)
May-03 13:21:32.333 - [42500/50000] loss: 1.0929 (1.1091), acc: 60.000% (55.557%)
May-03 13:21:40.010 - [42600/50000] loss: 1.1149 (1.1111), acc: 60.000% (55.360%)
May-03 13:21:47.930 - [42700/50000] loss: 1.0746 (1.1083), acc: 49.333% (55.522%)
May-03 13:21:55.859 - [42800/50000] loss: 0.8888 (1.1084), acc: 69.333% (55.507%)
May-03 13:22:03.750 - [42900/50000] loss: 0.8981 (1.1043), acc: 57.333% (55.584%)
May-03 13:22:11.485 - [43000/50000] loss: 0.9307 (1.1036), acc: 62.667% (55.573%)
May-03 13:22:26.779 - [43000] Eval (100 episode) - loss: 1.0701 +- 0.1829, acc: 56.867 +- 9.748%
May-03 13:22:34.296 - [43100/50000] loss: 1.1886 (1.0758), acc: 45.333% (57.213%)
May-03 13:22:41.923 - [43200/50000] loss: 1.0556 (1.0933), acc: 62.667% (56.653%)
May-03 13:22:49.798 - [43300/50000] loss: 1.3900 (1.1022), acc: 40.000% (56.147%)
May-03 13:22:57.771 - [43400/50000] loss: 1.2632 (1.0994), acc: 42.667% (56.210%)
May-03 13:23:05.784 - [43500/50000] loss: 1.0949 (1.0954), acc: 50.667% (56.392%)
May-03 13:23:13.927 - [43600/50000] loss: 1.0556 (1.0953), acc: 58.667% (56.422%)
May-03 13:23:21.950 - [43700/50000] loss: 1.0376 (1.0963), acc: 57.333% (56.316%)
May-03 13:23:29.783 - [43800/50000] loss: 1.2507 (1.0970), acc: 52.000% (56.327%)
May-03 13:23:37.584 - [43900/50000] loss: 0.9099 (1.0956), acc: 65.333% (56.390%)
May-03 13:23:45.226 - [44000/50000] loss: 1.1956 (1.0986), acc: 52.000% (56.179%)
May-03 13:23:59.924 - [44000] Eval (100 episode) - loss: 1.0372 +- 0.1457, acc: 58.067 +- 7.600%
May-03 13:24:07.352 - [44100/50000] loss: 1.1411 (1.1311), acc: 62.667% (54.027%)
May-03 13:24:15.216 - [44200/50000] loss: 1.4217 (1.1044), acc: 41.333% (55.220%)
May-03 13:24:23.204 - [44300/50000] loss: 0.7916 (1.0918), acc: 76.000% (56.031%)
May-03 13:24:31.251 - [44400/50000] loss: 1.0046 (1.0923), acc: 66.667% (56.097%)
May-03 13:24:39.355 - [44500/50000] loss: 0.7771 (1.0983), acc: 70.667% (55.699%)
May-03 13:24:47.262 - [44600/50000] loss: 1.1093 (1.0979), acc: 52.000% (55.827%)
May-03 13:24:54.974 - [44700/50000] loss: 1.0086 (1.0976), acc: 61.333% (55.909%)
May-03 13:25:02.994 - [44800/50000] loss: 1.2346 (1.0967), acc: 45.333% (56.022%)
May-03 13:25:10.959 - [44900/50000] loss: 1.0104 (1.0944), acc: 60.000% (56.206%)
May-03 13:25:18.914 - [45000/50000] loss: 0.9678 (1.0978), acc: 61.333% (56.055%)
May-03 13:25:33.200 - [45000] Eval (100 episode) - loss: 1.0564 +- 0.1904, acc: 58.080 +- 8.945%
May-03 13:25:40.938 - [45100/50000] loss: 1.5529 (1.1300), acc: 36.000% (54.587%)
May-03 13:25:48.727 - [45200/50000] loss: 1.0918 (1.1061), acc: 50.667% (55.547%)
May-03 13:25:56.691 - [45300/50000] loss: 1.0308 (1.0960), acc: 54.667% (56.098%)
May-03 13:26:04.768 - [45400/50000] loss: 1.0358 (1.0972), acc: 61.333% (55.960%)
May-03 13:26:12.720 - [45500/50000] loss: 1.2489 (1.1027), acc: 49.333% (55.693%)
May-03 13:26:20.315 - [45600/50000] loss: 0.9382 (1.1033), acc: 60.000% (55.736%)
May-03 13:26:28.140 - [45700/50000] loss: 0.9363 (1.1076), acc: 66.667% (55.570%)
May-03 13:26:35.886 - [45800/50000] loss: 1.3730 (1.1073), acc: 48.000% (55.628%)
May-03 13:26:43.988 - [45900/50000] loss: 1.1037 (1.1059), acc: 56.000% (55.801%)
May-03 13:26:51.983 - [46000/50000] loss: 1.1449 (1.1046), acc: 53.333% (55.856%)
May-03 13:27:06.582 - [46000] Eval (100 episode) - loss: 1.0946 +- 0.1538, acc: 55.827 +- 8.613%
May-03 13:27:14.338 - [46100/50000] loss: 1.0737 (1.1196), acc: 62.667% (55.360%)
May-03 13:27:21.973 - [46200/50000] loss: 1.1191 (1.1268), acc: 56.000% (54.813%)
May-03 13:27:30.123 - [46300/50000] loss: 0.7634 (1.1126), acc: 70.667% (55.542%)
May-03 13:27:38.277 - [46400/50000] loss: 1.0548 (1.1092), acc: 56.000% (55.643%)
May-03 13:27:46.317 - [46500/50000] loss: 0.8220 (1.1106), acc: 66.667% (55.501%)
May-03 13:27:54.355 - [46600/50000] loss: 0.9338 (1.1095), acc: 62.667% (55.660%)
May-03 13:28:02.173 - [46700/50000] loss: 1.2184 (1.1055), acc: 57.333% (55.800%)
May-03 13:28:09.939 - [46800/50000] loss: 1.0427 (1.1037), acc: 60.000% (55.892%)
May-03 13:28:18.151 - [46900/50000] loss: 1.4339 (1.1011), acc: 41.333% (55.991%)
May-03 13:28:26.282 - [47000/50000] loss: 1.0627 (1.0979), acc: 68.000% (56.189%)
May-03 13:28:40.756 - [47000] Eval (100 episode) - loss: 1.0537 +- 0.1783, acc: 57.760 +- 9.000%
May-03 13:28:48.671 - [47100/50000] loss: 1.3471 (1.1021), acc: 50.667% (56.240%)
May-03 13:28:56.387 - [47200/50000] loss: 1.3086 (1.0962), acc: 44.000% (56.600%)
May-03 13:29:04.275 - [47300/50000] loss: 1.1719 (1.0906), acc: 52.000% (56.693%)
May-03 13:29:11.861 - [47400/50000] loss: 0.9052 (1.0970), acc: 62.667% (56.377%)
May-03 13:29:19.656 - [47500/50000] loss: 1.2589 (1.0984), acc: 48.000% (56.216%)
May-03 13:29:27.513 - [47600/50000] loss: 0.8574 (1.1020), acc: 69.333% (55.929%)
May-03 13:29:35.556 - [47700/50000] loss: 0.8983 (1.1041), acc: 65.333% (55.851%)
May-03 13:29:43.499 - [47800/50000] loss: 1.3588 (1.0952), acc: 45.333% (56.297%)
May-03 13:29:51.393 - [47900/50000] loss: 1.3157 (1.0969), acc: 45.333% (56.326%)
May-03 13:29:59.113 - [48000/50000] loss: 1.4432 (1.0968), acc: 41.333% (56.323%)
May-03 13:30:14.203 - [48000] Eval (100 episode) - loss: 1.0777 +- 0.1788, acc: 56.933 +- 8.255%
May-03 13:30:21.847 - [48100/50000] loss: 1.0006 (1.1016), acc: 57.333% (55.547%)
May-03 13:30:29.827 - [48200/50000] loss: 1.0309 (1.1072), acc: 61.333% (55.560%)
May-03 13:30:37.870 - [48300/50000] loss: 0.7769 (1.1016), acc: 72.000% (55.760%)
May-03 13:30:46.083 - [48400/50000] loss: 0.9567 (1.0969), acc: 57.333% (55.830%)
May-03 13:30:53.915 - [48500/50000] loss: 1.2993 (1.0926), acc: 42.667% (56.160%)
May-03 13:31:01.584 - [48600/50000] loss: 0.7324 (1.0985), acc: 76.000% (55.980%)
May-03 13:31:09.398 - [48700/50000] loss: 1.0902 (1.0981), acc: 56.000% (56.059%)
May-03 13:31:17.630 - [48800/50000] loss: 0.8839 (1.0945), acc: 64.000% (56.257%)
May-03 13:31:25.575 - [48900/50000] loss: 1.1391 (1.0930), acc: 58.667% (56.271%)
May-03 13:31:33.407 - [49000/50000] loss: 0.9952 (1.0943), acc: 58.667% (56.176%)
May-03 13:31:47.752 - [49000] Eval (100 episode) - loss: 1.0597 +- 0.1940, acc: 58.120 +- 10.200%
May-03 13:31:55.457 - [49100/50000] loss: 1.0464 (1.1170), acc: 56.000% (55.280%)
May-03 13:32:03.246 - [49200/50000] loss: 1.3284 (1.1017), acc: 37.333% (55.733%)
May-03 13:32:11.386 - [49300/50000] loss: 1.0807 (1.0893), acc: 57.333% (56.529%)
May-03 13:32:19.163 - [49400/50000] loss: 0.7697 (1.0875), acc: 74.667% (56.700%)
May-03 13:32:27.185 - [49500/50000] loss: 1.0711 (1.0892), acc: 53.333% (56.589%)
May-03 13:32:35.009 - [49600/50000] loss: 1.2730 (1.0971), acc: 42.667% (56.229%)
May-03 13:32:43.341 - [49700/50000] loss: 1.1124 (1.0960), acc: 48.000% (56.293%)
May-03 13:32:51.038 - [49800/50000] loss: 1.0633 (1.0949), acc: 58.667% (56.347%)
May-03 13:32:58.943 - [49900/50000] loss: 1.2718 (1.0936), acc: 50.667% (56.384%)
May-03 13:33:06.622 - Done
